{
  "RSpec": {
    "coverage": {
      "/Users/lindahapgood/Coding-Projects/PixieLabs_TechTest/app.rb": [
        1,
        1,
        1,
        null,
        1,
        null,
        1,
        null,
        1,
        null,
        1,
        3,
        null,
        null,
        1,
        2,
        1,
        1,
        null,
        1,
        1,
        1,
        null,
        null,
        null,
        null,
        1,
        1,
        1,
        1,
        null,
        1,
        null,
        null,
        null
      ],
      "/Users/lindahapgood/Coding-Projects/PixieLabs_TechTest/lib/game_setup.rb": [
        null,
        1,
        null,
        1,
        0,
        0,
        null,
        null,
        1,
        null,
        1,
        0,
        null,
        null,
        1,
        0,
        null,
        null,
        null,
        null
      ],
      "/Users/lindahapgood/Coding-Projects/PixieLabs_TechTest/spec/calculator_spec.rb": [
        1,
        null,
        1,
        null,
        null,
        null
      ],
      "/Users/lindahapgood/Coding-Projects/PixieLabs_TechTest/lib/calculator.rb": [
        1,
        null,
        null,
        null
      ],
      "/Users/lindahapgood/Coding-Projects/PixieLabs_TechTest/spec/dealer_spec.rb": [
        1,
        null,
        1,
        null,
        2,
        null,
        1,
        1,
        1,
        1,
        null,
        null,
        null,
        null
      ],
      "/Users/lindahapgood/Coding-Projects/PixieLabs_TechTest/lib/dealer.rb": [
        1,
        null,
        1,
        null,
        1,
        null,
        2,
        null,
        null,
        null,
        null,
        null,
        null,
        null,
        null,
        null,
        null,
        null,
        null,
        2,
        null,
        null,
        1,
        2,
        null,
        2,
        2,
        10,
        56,
        null,
        10,
        10,
        null,
        2,
        null,
        null,
        null,
        null
      ],
      "/Users/lindahapgood/Coding-Projects/PixieLabs_TechTest/spec/features/entering_quantities_spec.rb": [
        1,
        null,
        1,
        1,
        1,
        1,
        1,
        1,
        1,
        null,
        null,
        1,
        1,
        1,
        1,
        1,
        1,
        null,
        null
      ],
      "/Users/lindahapgood/Coding-Projects/PixieLabs_TechTest/spec/game_setup_spec.rb": [
        1,
        null,
        1,
        null,
        1,
        null,
        null,
        null,
        null
      ]
    },
    "timestamp": 1544711085
  }
}
